app/build/intermediates/manifest_merge_blame_file/debug/manifest-merger-blame-debug-report.txt
1<?xml version="1.0" encoding="utf-8"?>
2<manifest xmlns:android="http://schemas.android.com/apk/res/android"
3    package="com.example.carpetstory"
4    android:versionCode="1"
5    android:versionName="1.0" >
6
7    <uses-sdk
8        android:minSdkVersion="24"
8-->src/main/AndroidManifest.xml
9        android:targetSdkVersion="29" />
9-->src/main/AndroidManifest.xml
10
11    <uses-permission android:name="android.permission.INTERNET" />
11-->src/main/AndroidManifest.xml:5:5-67
11-->src/main/AndroidManifest.xml:5:22-64
12    <uses-permission android:name="android.permission.READ_EXTERNAL_STORAGE" />
12-->src/main/AndroidManifest.xml:6:5-80
12-->src/main/AndroidManifest.xml:6:22-77
13    <uses-permission android:name="android.permission.CAMERA" />
13-->src/main/AndroidManifest.xml:7:5-65
13-->src/main/AndroidManifest.xml:7:22-62
14
15    <!--
16         Indicates that the app requires ARCore ("AR Required"). Ensures the app is
17         visible only in the Google Play Store on devices that support ARCore.
18    -->
19    <uses-feature
19-->src/main/AndroidManifest.xml:12:5-86
20        android:name="android.hardware.camera.ar"
20-->src/main/AndroidManifest.xml:12:19-60
21        android:required="true" />
21-->src/main/AndroidManifest.xml:12:61-84
22
23    <uses-permission android:name="android.permission.ACCESS_NETWORK_STATE" />
23-->[com.google.firebase:firebase-firestore:17.1.2] AndroidManifest.xml:10:5-79
23-->[com.google.firebase:firebase-firestore:17.1.2] AndroidManifest.xml:10:22-76
24    <uses-permission android:name="android.permission.WAKE_LOCK" /> <!-- Required by older versions of Google Play services to create IID tokens -->
24-->[com.google.android.gms:play-services-measurement-api:17.2.0] AndroidManifest.xml:24:5-68
24-->[com.google.android.gms:play-services-measurement-api:17.2.0] AndroidManifest.xml:24:22-65
25    <uses-permission android:name="com.google.android.c2dm.permission.RECEIVE" />
25-->[com.google.firebase:firebase-iid:19.0.0] AndroidManifest.xml:26:5-82
25-->[com.google.firebase:firebase-iid:19.0.0] AndroidManifest.xml:26:22-79
26    <uses-permission android:name="com.google.android.finsky.permission.BIND_GET_INSTALL_REFERRER_SERVICE" />
26-->[com.google.android.gms:play-services-measurement:17.2.0] AndroidManifest.xml:26:5-110
26-->[com.google.android.gms:play-services-measurement:17.2.0] AndroidManifest.xml:26:22-107
27
28    <application
28-->src/main/AndroidManifest.xml:14:5-40:19
29        android:allowBackup="true"
29-->src/main/AndroidManifest.xml:15:9-35
30        android:appComponentFactory="androidx.core.app.CoreComponentFactory"
30-->[androidx.core:core:1.0.2] AndroidManifest.xml:22:18-86
31        android:debuggable="true"
32        android:extractNativeLibs="false"
33        android:icon="@mipmap/ic_launcher"
33-->src/main/AndroidManifest.xml:16:9-43
34        android:label="@string/app_name"
34-->src/main/AndroidManifest.xml:17:9-41
35        android:roundIcon="@mipmap/ic_launcher_round"
35-->src/main/AndroidManifest.xml:18:9-54
36        android:supportsRtl="true"
36-->src/main/AndroidManifest.xml:19:9-35
37        android:testOnly="true"
38        android:theme="@style/AppTheme"
38-->src/main/AndroidManifest.xml:20:9-40
39        android:usesCleartextTraffic="true" >
39-->src/main/AndroidManifest.xml:21:9-44
40        <activity android:name="com.example.carpetstory.AR" />
40-->src/main/AndroidManifest.xml:22:9-49
40-->src/main/AndroidManifest.xml:22:19-37
41        <activity android:name="com.example.carpetstory.CarpetsListViewActivity" />
41-->src/main/AndroidManifest.xml:23:9-61
41-->src/main/AndroidManifest.xml:23:19-58
42        <activity
42-->src/main/AndroidManifest.xml:24:9-32:20
43            android:name="com.example.carpetstory.SplashScreenActivity"
43-->src/main/AndroidManifest.xml:25:13-49
44            android:theme="@style/Theme.NoPreviewWindow" >
44-->src/main/AndroidManifest.xml:26:13-57
45            <intent-filter>
45-->src/main/AndroidManifest.xml:27:13-31:29
46                <action android:name="android.intent.action.MAIN" />
46-->src/main/AndroidManifest.xml:28:17-69
46-->src/main/AndroidManifest.xml:28:25-66
47
48                <category android:name="android.intent.category.LAUNCHER" />
48-->src/main/AndroidManifest.xml:30:17-77
48-->src/main/AndroidManifest.xml:30:27-74
49            </intent-filter>
50        </activity>
51        <activity android:name="com.example.carpetstory.ViewCarpetActivity" />
51-->src/main/AndroidManifest.xml:33:9-56
51-->src/main/AndroidManifest.xml:33:19-53
52        <activity android:name="com.example.carpetstory.AddCarpet" />
52-->src/main/AndroidManifest.xml:34:9-47
52-->src/main/AndroidManifest.xml:34:19-44
53        <activity android:name="com.example.carpetstory.OwnerLogin" />
53-->src/main/AndroidManifest.xml:35:9-48
53-->src/main/AndroidManifest.xml:35:19-45
54        <activity android:name="com.example.carpetstory.HomeActivity" />
54-->src/main/AndroidManifest.xml:36:9-50
54-->src/main/AndroidManifest.xml:36:19-47
55        <activity android:name="com.example.carpetstory.MainActivity" />
55-->src/main/AndroidManifest.xml:37:9-50
55-->src/main/AndroidManifest.xml:37:19-47
56
57        <meta-data
57-->src/main/AndroidManifest.xml:39:9-81
58            android:name="com.google.ar.core"
58-->src/main/AndroidManifest.xml:39:20-53
59            android:value="required" />
59-->src/main/AndroidManifest.xml:39:54-78
60
61        <service
61-->[com.google.firebase:firebase-firestore:17.1.2] AndroidManifest.xml:14:9-18:19
62            android:name="com.google.firebase.components.ComponentDiscoveryService"
62-->[com.google.firebase:firebase-firestore:17.1.2] AndroidManifest.xml:14:18-89
63            android:exported="false" >
63-->[com.google.firebase:firebase-auth:19.0.0] AndroidManifest.xml:35:13-37
64            <meta-data
64-->[com.google.firebase:firebase-firestore:17.1.2] AndroidManifest.xml:15:13-17:85
65                android:name="com.google.firebase.components:com.google.firebase.firestore.FirestoreRegistrar"
65-->[com.google.firebase:firebase-firestore:17.1.2] AndroidManifest.xml:16:17-111
66                android:value="com.google.firebase.components.ComponentRegistrar" />
66-->[com.google.firebase:firebase-firestore:17.1.2] AndroidManifest.xml:17:17-82
67            <meta-data
67-->[com.google.firebase:firebase-storage:17.0.0] AndroidManifest.xml:31:13-33:85
68                android:name="com.google.firebase.components:com.google.firebase.storage.StorageRegistrar"
68-->[com.google.firebase:firebase-storage:17.0.0] AndroidManifest.xml:32:17-107
69                android:value="com.google.firebase.components.ComponentRegistrar" />
69-->[com.google.firebase:firebase-storage:17.0.0] AndroidManifest.xml:33:17-82
70            <meta-data
70-->[com.google.firebase:firebase-auth:19.0.0] AndroidManifest.xml:36:13-38:85
71                android:name="com.google.firebase.components:com.google.firebase.auth.FirebaseAuthRegistrar"
71-->[com.google.firebase:firebase-auth:19.0.0] AndroidManifest.xml:37:17-109
72                android:value="com.google.firebase.components.ComponentRegistrar" />
72-->[com.google.firebase:firebase-auth:19.0.0] AndroidManifest.xml:38:17-82
73            <meta-data
73-->[com.google.firebase:firebase-database:19.0.0] AndroidManifest.xml:32:13-34:85
74                android:name="com.google.firebase.components:com.google.firebase.database.DatabaseRegistrar"
74-->[com.google.firebase:firebase-database:19.0.0] AndroidManifest.xml:33:17-109
75                android:value="com.google.firebase.components.ComponentRegistrar" />
75-->[com.google.firebase:firebase-database:19.0.0] AndroidManifest.xml:34:17-82
76            <meta-data
76-->[com.google.android.gms:play-services-measurement-api:17.2.0] AndroidManifest.xml:30:13-32:85
77                android:name="com.google.firebase.components:com.google.firebase.analytics.connector.internal.AnalyticsConnectorRegistrar"
77-->[com.google.android.gms:play-services-measurement-api:17.2.0] AndroidManifest.xml:31:17-139
78                android:value="com.google.firebase.components.ComponentRegistrar" />
78-->[com.google.android.gms:play-services-measurement-api:17.2.0] AndroidManifest.xml:32:17-82
79            <meta-data
79-->[com.google.firebase:firebase-iid:19.0.0] AndroidManifest.xml:32:13-34:85
80                android:name="com.google.firebase.components:com.google.firebase.iid.Registrar"
80-->[com.google.firebase:firebase-iid:19.0.0] AndroidManifest.xml:33:17-96
81                android:value="com.google.firebase.components.ComponentRegistrar" />
81-->[com.google.firebase:firebase-iid:19.0.0] AndroidManifest.xml:34:17-82
82        </service>
83
84        <activity
84-->[com.google.firebase:firebase-auth:19.0.0] AndroidManifest.xml:24:9-31:50
85            android:name="com.google.firebase.auth.internal.FederatedSignInActivity"
85-->[com.google.firebase:firebase-auth:19.0.0] AndroidManifest.xml:25:13-85
86            android:excludeFromRecents="true"
86-->[com.google.firebase:firebase-auth:19.0.0] AndroidManifest.xml:26:13-46
87            android:exported="true"
87-->[com.google.firebase:firebase-auth:19.0.0] AndroidManifest.xml:27:13-36
88            android:launchMode="singleTask"
88-->[com.google.firebase:firebase-auth:19.0.0] AndroidManifest.xml:28:13-44
89            android:permission="com.google.firebase.auth.api.gms.permission.LAUNCH_FEDERATED_SIGN_IN"
89-->[com.google.firebase:firebase-auth:19.0.0] AndroidManifest.xml:29:13-102
90            android:theme="@android:style/Theme.Translucent.NoTitleBar" />
90-->[com.google.firebase:firebase-auth:19.0.0] AndroidManifest.xml:30:13-72
91        <activity
91-->[com.google.android.gms:play-services-auth:17.0.0] AndroidManifest.xml:23:9-27:75
92            android:name="com.google.android.gms.auth.api.signin.internal.SignInHubActivity"
92-->[com.google.android.gms:play-services-auth:17.0.0] AndroidManifest.xml:24:13-93
93            android:excludeFromRecents="true"
93-->[com.google.android.gms:play-services-auth:17.0.0] AndroidManifest.xml:25:13-46
94            android:exported="false"
94-->[com.google.android.gms:play-services-auth:17.0.0] AndroidManifest.xml:26:13-37
95            android:theme="@android:style/Theme.Translucent.NoTitleBar" />
95-->[com.google.android.gms:play-services-auth:17.0.0] AndroidManifest.xml:27:13-72
96        <!--
97            Service handling Google Sign-In user revocation. For apps that do not integrate with
98            Google Sign-In, this service will never be started.
99        -->
100        <service
100-->[com.google.android.gms:play-services-auth:17.0.0] AndroidManifest.xml:33:9-36:110
101            android:name="com.google.android.gms.auth.api.signin.RevocationBoundService"
101-->[com.google.android.gms:play-services-auth:17.0.0] AndroidManifest.xml:34:13-89
102            android:exported="true"
102-->[com.google.android.gms:play-services-auth:17.0.0] AndroidManifest.xml:35:13-36
103            android:permission="com.google.android.gms.auth.api.signin.permission.REVOCATION_NOTIFICATION" />
103-->[com.google.android.gms:play-services-auth:17.0.0] AndroidManifest.xml:36:13-107
104
105        <provider
105-->[com.squareup.picasso:picasso:2.71828] AndroidManifest.xml:8:9-11:40
106            android:name="com.squareup.picasso.PicassoProvider"
106-->[com.squareup.picasso:picasso:2.71828] AndroidManifest.xml:9:13-64
107            android:authorities="com.example.carpetstory.com.squareup.picasso"
107-->[com.squareup.picasso:picasso:2.71828] AndroidManifest.xml:10:13-72
108            android:exported="false" />
108-->[com.squareup.picasso:picasso:2.71828] AndroidManifest.xml:11:13-37
109
110        <receiver
110-->[com.google.firebase:firebase-iid:19.0.0] AndroidManifest.xml:37:9-44:20
111            android:name="com.google.firebase.iid.FirebaseInstanceIdReceiver"
111-->[com.google.firebase:firebase-iid:19.0.0] AndroidManifest.xml:38:13-78
112            android:exported="true"
112-->[com.google.firebase:firebase-iid:19.0.0] AndroidManifest.xml:39:13-36
113            android:permission="com.google.android.c2dm.permission.SEND" >
113-->[com.google.firebase:firebase-iid:19.0.0] AndroidManifest.xml:40:13-73
114            <intent-filter>
114-->[com.google.firebase:firebase-iid:19.0.0] AndroidManifest.xml:41:13-43:29
115                <action android:name="com.google.android.c2dm.intent.RECEIVE" />
115-->[com.google.firebase:firebase-iid:19.0.0] AndroidManifest.xml:42:17-81
115-->[com.google.firebase:firebase-iid:19.0.0] AndroidManifest.xml:42:25-78
116            </intent-filter>
117        </receiver>
118
119        <activity
119-->[com.google.android.gms:play-services-base:17.1.0] AndroidManifest.xml:23:9-26:75
120            android:name="com.google.android.gms.common.api.GoogleApiActivity"
120-->[com.google.android.gms:play-services-base:17.1.0] AndroidManifest.xml:24:13-79
121            android:exported="false"
121-->[com.google.android.gms:play-services-base:17.1.0] AndroidManifest.xml:25:13-37
122            android:theme="@android:style/Theme.Translucent.NoTitleBar" />
122-->[com.google.android.gms:play-services-base:17.1.0] AndroidManifest.xml:26:13-72
123
124        <provider
124-->[com.google.firebase:firebase-common:19.0.0] AndroidManifest.xml:12:9-16:39
125            android:name="com.google.firebase.provider.FirebaseInitProvider"
125-->[com.google.firebase:firebase-common:19.0.0] AndroidManifest.xml:13:13-77
126            android:authorities="com.example.carpetstory.firebaseinitprovider"
126-->[com.google.firebase:firebase-common:19.0.0] AndroidManifest.xml:14:13-72
127            android:exported="false"
127-->[com.google.firebase:firebase-common:19.0.0] AndroidManifest.xml:15:13-37
128            android:initOrder="100" />
128-->[com.google.firebase:firebase-common:19.0.0] AndroidManifest.xml:16:13-36
129
130        <receiver
130-->[com.google.android.gms:play-services-measurement:17.2.0] AndroidManifest.xml:29:9-33:20
131            android:name="com.google.android.gms.measurement.AppMeasurementReceiver"
131-->[com.google.android.gms:play-services-measurement:17.2.0] AndroidManifest.xml:30:13-85
132            android:enabled="true"
132-->[com.google.android.gms:play-services-measurement:17.2.0] AndroidManifest.xml:31:13-35
133            android:exported="false" >
133-->[com.google.android.gms:play-services-measurement:17.2.0] AndroidManifest.xml:32:13-37
134        </receiver>
135        <receiver
135-->[com.google.android.gms:play-services-measurement:17.2.0] AndroidManifest.xml:34:9-42:20
136            android:name="com.google.android.gms.measurement.AppMeasurementInstallReferrerReceiver"
136-->[com.google.android.gms:play-services-measurement:17.2.0] AndroidManifest.xml:35:13-100
137            android:enabled="true"
137-->[com.google.android.gms:play-services-measurement:17.2.0] AndroidManifest.xml:36:13-35
138            android:exported="true"
138-->[com.google.android.gms:play-services-measurement:17.2.0] AndroidManifest.xml:37:13-36
139            android:permission="android.permission.INSTALL_PACKAGES" >
139-->[com.google.android.gms:play-services-measurement:17.2.0] AndroidManifest.xml:38:13-69
140            <intent-filter>
140-->[com.google.android.gms:play-services-measurement:17.2.0] AndroidManifest.xml:39:13-41:29
141                <action android:name="com.android.vending.INSTALL_REFERRER" />
141-->[com.google.android.gms:play-services-measurement:17.2.0] AndroidManifest.xml:40:17-79
141-->[com.google.android.gms:play-services-measurement:17.2.0] AndroidManifest.xml:40:25-76
142            </intent-filter>
143        </receiver>
144
145        <service
145-->[com.google.android.gms:play-services-measurement:17.2.0] AndroidManifest.xml:44:9-47:40
146            android:name="com.google.android.gms.measurement.AppMeasurementService"
146-->[com.google.android.gms:play-services-measurement:17.2.0] AndroidManifest.xml:45:13-84
147            android:enabled="true"
147-->[com.google.android.gms:play-services-measurement:17.2.0] AndroidManifest.xml:46:13-35
148            android:exported="false" />
148-->[com.google.android.gms:play-services-measurement:17.2.0] AndroidManifest.xml:47:13-37
149        <service
149-->[com.google.android.gms:play-services-measurement:17.2.0] AndroidManifest.xml:48:9-52:72
150            android:name="com.google.android.gms.measurement.AppMeasurementJobService"
150-->[com.google.android.gms:play-services-measurement:17.2.0] AndroidManifest.xml:49:13-87
151            android:enabled="true"
151-->[com.google.android.gms:play-services-measurement:17.2.0] AndroidManifest.xml:50:13-35
152            android:exported="false"
152-->[com.google.android.gms:play-services-measurement:17.2.0] AndroidManifest.xml:51:13-37
153            android:permission="android.permission.BIND_JOB_SERVICE" />
153-->[com.google.android.gms:play-services-measurement:17.2.0] AndroidManifest.xml:52:13-69
154
155        <meta-data
155-->[com.google.android.gms:play-services-basement:17.0.0] AndroidManifest.xml:23:9-25:69
156            android:name="com.google.android.gms.version"
156-->[com.google.android.gms:play-services-basement:17.0.0] AndroidManifest.xml:24:13-58
157            android:value="@integer/google_play_services_version" />
157-->[com.google.android.gms:play-services-basement:17.0.0] AndroidManifest.xml:25:13-66
158
159        <provider
159-->[androidx.lifecycle:lifecycle-process:2.0.0] AndroidManifest.xml:23:9-27:43
160            android:name="androidx.lifecycle.ProcessLifecycleOwnerInitializer"
160-->[androidx.lifecycle:lifecycle-process:2.0.0] AndroidManifest.xml:24:13-79
161            android:authorities="com.example.carpetstory.lifecycle-process"
161-->[androidx.lifecycle:lifecycle-process:2.0.0] AndroidManifest.xml:25:13-69
162            android:exported="false"
162-->[androidx.lifecycle:lifecycle-process:2.0.0] AndroidManifest.xml:26:13-37
163            android:multiprocess="true" /> <!-- The minimal version code of ARCore APK required for an app using this SDK. -->
163-->[androidx.lifecycle:lifecycle-process:2.0.0] AndroidManifest.xml:27:13-40
164        <meta-data
164-->[com.google.ar:core:1.11.0] AndroidManifest.xml:33:9-35:41
165            android:name="com.google.ar.core.min_apk_version"
165-->[com.google.ar:core:1.11.0] AndroidManifest.xml:34:13-62
166            android:value="190708000" /> <!-- This activity is critical for installing ARCore when it is not already present. -->
166-->[com.google.ar:core:1.11.0] AndroidManifest.xml:35:13-38
167        <activity
167-->[com.google.ar:core:1.11.0] AndroidManifest.xml:37:9-43:80
168            android:name="com.google.ar.core.InstallActivity"
168-->[com.google.ar:core:1.11.0] AndroidManifest.xml:38:13-62
169            android:configChanges="keyboardHidden|orientation|screenSize"
169-->[com.google.ar:core:1.11.0] AndroidManifest.xml:39:13-74
170            android:excludeFromRecents="true"
170-->[com.google.ar:core:1.11.0] AndroidManifest.xml:40:13-46
171            android:exported="false"
171-->[com.google.ar:core:1.11.0] AndroidManifest.xml:41:13-37
172            android:launchMode="singleTop"
172-->[com.google.ar:core:1.11.0] AndroidManifest.xml:42:13-43
173            android:theme="@android:style/Theme.Material.Light.Dialog.Alert" />
173-->[com.google.ar:core:1.11.0] AndroidManifest.xml:43:13-77
174    </application>
175
176</manifest>